2024-12-24 10:18:10,818 - my_logger - INFO - 加载 C:\Users\98680\Desktop\项目代码\Interface_automation\data\yaml\api_config_fast.yml 文件......
2024-12-24 10:18:10,822 - my_logger - INFO - 读到数据 ==>>  {'host': 'http://localhost:9999', 'login': {'name': '【登陆】用户名登陆', 'method': 'Post', 'url': '/api/v1/base/access_token', 'headers': {'accept': 'application/json', 'Content-Type': 'application/json'}, 'data': {'password': '123456', 'username': 'admin'}}, 'get_user_info': {'name': '【获取用户信息】', 'method': 'Get', 'url': '/api/v1/base/userinfo', 'headers': {'accept': 'application/json'}}, 'create_user': {'name': '【创建用户】', 'method': 'Post', 'url': '/api/v1/user/create', 'headers': {'accept': 'application/json', 'Content-Type': 'application/json'}, 'data': {'email': '7878@qq.com', 'username': '666', 'password': '123456', 'is_active': 'true', 'is_superuser': 'false', 'role_ids': [], 'dept_id': 0}}} 
2024-12-24 10:18:10,824 - my_logger - INFO - 加载 C:\Users\98680\Desktop\项目代码\Interface_automation\data\yaml\api_test_data.yml 文件......
2024-12-24 10:18:10,825 - my_logger - INFO - 读到数据 ==>>  {'test_login_user': [['admin', '123456', True, 200, 'OK'], ['admin', '1234567', False, 400, '密码错误!'], ['测试test', '123456', False, 400, '无效的用户名'], ['测试test', '1234567', False, 400, '无效的用户名']]} 
2024-12-24 10:18:10,866 - my_logger - INFO - *************** 开始执行用例 ***************
2024-12-24 10:18:10,867 - my_logger - INFO - 加载 C:\Users\98680\Desktop\项目代码\Interface_automation\data\yaml\api_config_fast.yml 文件......
2024-12-24 10:18:10,870 - my_logger - INFO - 读到数据 ==>>  {'host': 'http://localhost:9999', 'login': {'name': '【登陆】用户名登陆', 'method': 'Post', 'url': '/api/v1/base/access_token', 'headers': {'accept': 'application/json', 'Content-Type': 'application/json'}, 'data': {'password': '123456', 'username': 'admin'}}, 'get_user_info': {'name': '【获取用户信息】', 'method': 'Get', 'url': '/api/v1/base/userinfo', 'headers': {'accept': 'application/json'}}, 'create_user': {'name': '【创建用户】', 'method': 'Post', 'url': '/api/v1/user/create', 'headers': {'accept': 'application/json', 'Content-Type': 'application/json'}, 'data': {'email': '7878@qq.com', 'username': '666', 'password': '123456', 'is_active': 'true', 'is_superuser': 'false', 'role_ids': [], 'dept_id': 0}}} 
2024-12-24 10:18:10,870 - my_logger - INFO - 接口请求地址 ==>> http://localhost:9999/api/v1/base/access_token
2024-12-24 10:18:10,870 - my_logger - INFO - 接口请求方式 ==>> POST
2024-12-24 10:18:10,870 - my_logger - INFO - 接口请求头 ==>> {
    "accept": "application/json",
    "Content-Type": "application/json"
}
2024-12-24 10:18:10,870 - my_logger - INFO - 接口请求 params 参数 ==>> null
2024-12-24 10:18:10,870 - my_logger - INFO - 接口请求体 data 参数 ==>> null
2024-12-24 10:18:10,870 - my_logger - INFO - 接口请求体 json 参数 ==>> {
    "username": "admin",
    "password": "123456"
}
2024-12-24 10:18:10,870 - my_logger - INFO - 接口上传附件 files 参数 ==>> None
2024-12-24 10:18:10,870 - my_logger - INFO - 接口 cookies 参数 ==>> null
2024-12-24 10:18:12,980 - my_logger - INFO - 登录用户 ==>> 返回结果 ==>> {"code":200,"msg":"OK","data":{"access_token":"eyJhbGciOiJIUzI1NiIsInR5cCI6IkpXVCJ9.eyJ1c2VyX2lkIjoxLCJ1c2VybmFtZSI6ImFkbWluIiwiaXNfc3VwZXJ1c2VyIjp0cnVlLCJleHAiOjE3MzUwMTY3NzJ9.7vuZRQLAV-TIpiq3X12zt2dEFNR6qYZE5Gmb0qCIt9I","username":"admin"}}
2024-12-24 10:18:12,980 - my_logger - INFO - 步骤1 ==>> 登录用户：admin
2024-12-24 10:18:13,259 - my_logger - INFO - *************** 开始执行用例 ***************
2024-12-24 10:18:13,259 - my_logger - INFO - 加载 C:\Users\98680\Desktop\项目代码\Interface_automation\data\yaml\api_config_fast.yml 文件......
2024-12-24 10:18:13,261 - my_logger - INFO - 读到数据 ==>>  {'host': 'http://localhost:9999', 'login': {'name': '【登陆】用户名登陆', 'method': 'Post', 'url': '/api/v1/base/access_token', 'headers': {'accept': 'application/json', 'Content-Type': 'application/json'}, 'data': {'password': '123456', 'username': 'admin'}}, 'get_user_info': {'name': '【获取用户信息】', 'method': 'Get', 'url': '/api/v1/base/userinfo', 'headers': {'accept': 'application/json'}}, 'create_user': {'name': '【创建用户】', 'method': 'Post', 'url': '/api/v1/user/create', 'headers': {'accept': 'application/json', 'Content-Type': 'application/json'}, 'data': {'email': '7878@qq.com', 'username': '666', 'password': '123456', 'is_active': 'true', 'is_superuser': 'false', 'role_ids': [], 'dept_id': 0}}} 
2024-12-24 10:18:13,261 - my_logger - INFO - 接口请求地址 ==>> http://localhost:9999/api/v1/base/access_token
2024-12-24 10:18:13,262 - my_logger - INFO - 接口请求方式 ==>> POST
2024-12-24 10:18:13,262 - my_logger - INFO - 接口请求头 ==>> {
    "accept": "application/json",
    "Content-Type": "application/json"
}
2024-12-24 10:18:13,262 - my_logger - INFO - 接口请求 params 参数 ==>> null
2024-12-24 10:18:13,262 - my_logger - INFO - 接口请求体 data 参数 ==>> null
2024-12-24 10:18:13,262 - my_logger - INFO - 接口请求体 json 参数 ==>> {
    "username": "admin",
    "password": "1234567"
}
2024-12-24 10:18:13,262 - my_logger - INFO - 接口上传附件 files 参数 ==>> None
2024-12-24 10:18:13,262 - my_logger - INFO - 接口 cookies 参数 ==>> null
2024-12-24 10:18:13,324 - my_logger - INFO - 登录用户 ==>> 返回结果 ==>> {"code":400,"msg":"密码错误!","data":null}
2024-12-24 10:18:13,324 - my_logger - INFO - 步骤1 ==>> 登录用户：admin
2024-12-24 10:18:13,334 - my_logger - INFO - *************** 开始执行用例 ***************
2024-12-24 10:18:13,335 - my_logger - INFO - 加载 C:\Users\98680\Desktop\项目代码\Interface_automation\data\yaml\api_config_fast.yml 文件......
2024-12-24 10:18:13,337 - my_logger - INFO - 读到数据 ==>>  {'host': 'http://localhost:9999', 'login': {'name': '【登陆】用户名登陆', 'method': 'Post', 'url': '/api/v1/base/access_token', 'headers': {'accept': 'application/json', 'Content-Type': 'application/json'}, 'data': {'password': '123456', 'username': 'admin'}}, 'get_user_info': {'name': '【获取用户信息】', 'method': 'Get', 'url': '/api/v1/base/userinfo', 'headers': {'accept': 'application/json'}}, 'create_user': {'name': '【创建用户】', 'method': 'Post', 'url': '/api/v1/user/create', 'headers': {'accept': 'application/json', 'Content-Type': 'application/json'}, 'data': {'email': '7878@qq.com', 'username': '666', 'password': '123456', 'is_active': 'true', 'is_superuser': 'false', 'role_ids': [], 'dept_id': 0}}} 
2024-12-24 10:18:13,337 - my_logger - INFO - 接口请求地址 ==>> http://localhost:9999/api/v1/base/access_token
2024-12-24 10:18:13,337 - my_logger - INFO - 接口请求方式 ==>> POST
2024-12-24 10:18:13,337 - my_logger - INFO - 接口请求头 ==>> {
    "accept": "application/json",
    "Content-Type": "application/json"
}
2024-12-24 10:18:13,337 - my_logger - INFO - 接口请求 params 参数 ==>> null
2024-12-24 10:18:13,338 - my_logger - INFO - 接口请求体 data 参数 ==>> null
2024-12-24 10:18:13,338 - my_logger - INFO - 接口请求体 json 参数 ==>> {
    "username": "测试test",
    "password": "123456"
}
2024-12-24 10:18:13,338 - my_logger - INFO - 接口上传附件 files 参数 ==>> None
2024-12-24 10:18:13,338 - my_logger - INFO - 接口 cookies 参数 ==>> null
2024-12-24 10:18:13,343 - my_logger - INFO - 登录用户 ==>> 返回结果 ==>> {"code":400,"msg":"无效的用户名","data":null}
2024-12-24 10:18:13,343 - my_logger - INFO - 步骤1 ==>> 登录用户：测试test
2024-12-24 10:18:13,355 - my_logger - INFO - *************** 开始执行用例 ***************
2024-12-24 10:18:13,356 - my_logger - INFO - 加载 C:\Users\98680\Desktop\项目代码\Interface_automation\data\yaml\api_config_fast.yml 文件......
2024-12-24 10:18:13,358 - my_logger - INFO - 读到数据 ==>>  {'host': 'http://localhost:9999', 'login': {'name': '【登陆】用户名登陆', 'method': 'Post', 'url': '/api/v1/base/access_token', 'headers': {'accept': 'application/json', 'Content-Type': 'application/json'}, 'data': {'password': '123456', 'username': 'admin'}}, 'get_user_info': {'name': '【获取用户信息】', 'method': 'Get', 'url': '/api/v1/base/userinfo', 'headers': {'accept': 'application/json'}}, 'create_user': {'name': '【创建用户】', 'method': 'Post', 'url': '/api/v1/user/create', 'headers': {'accept': 'application/json', 'Content-Type': 'application/json'}, 'data': {'email': '7878@qq.com', 'username': '666', 'password': '123456', 'is_active': 'true', 'is_superuser': 'false', 'role_ids': [], 'dept_id': 0}}} 
2024-12-24 10:18:13,358 - my_logger - INFO - 接口请求地址 ==>> http://localhost:9999/api/v1/base/access_token
2024-12-24 10:18:13,358 - my_logger - INFO - 接口请求方式 ==>> POST
2024-12-24 10:18:13,358 - my_logger - INFO - 接口请求头 ==>> {
    "accept": "application/json",
    "Content-Type": "application/json"
}
2024-12-24 10:18:13,358 - my_logger - INFO - 接口请求 params 参数 ==>> null
2024-12-24 10:18:13,358 - my_logger - INFO - 接口请求体 data 参数 ==>> null
2024-12-24 10:18:13,359 - my_logger - INFO - 接口请求体 json 参数 ==>> {
    "username": "测试test",
    "password": "1234567"
}
2024-12-24 10:18:13,359 - my_logger - INFO - 接口上传附件 files 参数 ==>> None
2024-12-24 10:18:13,359 - my_logger - INFO - 接口 cookies 参数 ==>> null
2024-12-24 10:18:13,365 - my_logger - INFO - 登录用户 ==>> 返回结果 ==>> {"code":400,"msg":"无效的用户名","data":null}
2024-12-24 10:18:13,365 - my_logger - INFO - 步骤1 ==>> 登录用户：测试test
