2024-12-29 21:40:38,295 - my_logger - INFO - 加载 C:\Users\98680\Desktop\项目代码\Interface_automation\data\yaml\api_config_fast.yml 文件......
2024-12-29 21:40:38,298 - my_logger - INFO - 读到数据 ==>>  {'host': 'http://localhost:9999', 'login': {'name': '【登陆】用户名登陆', 'method': 'Post', 'url': '/api/v1/base/access_token', 'headers': {'accept': 'application/json', 'Content-Type': 'application/json'}, 'data': {'password': '123456', 'username': 'admin'}}, 'get_user_info': {'name': '【获取用户信息】', 'method': 'Get', 'url': '/api/v1/base/userinfo', 'headers': {'accept': 'application/json'}}, 'create_user': {'name': '【创建用户】', 'method': 'Post', 'url': '/api/v1/user/create', 'headers': {'accept': 'application/json', 'Content-Type': 'application/json'}, 'data': {'email': '7878@qq.com', 'username': '666', 'password': '123456', 'is_active': 'true', 'is_superuser': 'false', 'role_ids': [], 'dept_id': 0}}} 
2024-12-29 21:40:38,299 - my_logger - INFO - 加载 C:\Users\98680\Desktop\项目代码\Interface_automation\data\yaml\api_config_fast.yml 文件......
2024-12-29 21:40:38,301 - my_logger - INFO - 读到数据 ==>>  {'host': 'http://localhost:9999', 'login': {'name': '【登陆】用户名登陆', 'method': 'Post', 'url': '/api/v1/base/access_token', 'headers': {'accept': 'application/json', 'Content-Type': 'application/json'}, 'data': {'password': '123456', 'username': 'admin'}}, 'get_user_info': {'name': '【获取用户信息】', 'method': 'Get', 'url': '/api/v1/base/userinfo', 'headers': {'accept': 'application/json'}}, 'create_user': {'name': '【创建用户】', 'method': 'Post', 'url': '/api/v1/user/create', 'headers': {'accept': 'application/json', 'Content-Type': 'application/json'}, 'data': {'email': '7878@qq.com', 'username': '666', 'password': '123456', 'is_active': 'true', 'is_superuser': 'false', 'role_ids': [], 'dept_id': 0}}} 
2024-12-29 21:40:38,301 - my_logger - INFO - 接口请求地址 ==>> http://localhost:9999/api/v1/base/access_token
2024-12-29 21:40:38,301 - my_logger - INFO - 接口请求方式 ==>> POST
2024-12-29 21:40:38,301 - my_logger - INFO - 接口请求头 ==>> {
    "accept": "application/json",
    "Content-Type": "application/json"
}
2024-12-29 21:40:38,301 - my_logger - INFO - 接口请求 params 参数 ==>> null
2024-12-29 21:40:38,301 - my_logger - INFO - 接口请求体 data 参数 ==>> null
2024-12-29 21:40:38,301 - my_logger - INFO - 接口请求体 json 参数 ==>> {
    "username": "admin",
    "password": "123456"
}
2024-12-29 21:40:38,301 - my_logger - INFO - 接口上传附件 files 参数 ==>> None
2024-12-29 21:40:38,301 - my_logger - INFO - 接口 cookies 参数 ==>> null
2024-12-29 21:40:40,692 - my_logger - INFO - 登录用户 ==>> 返回结果 ==>> {"code":200,"msg":"OK","data":{"access_token":"eyJhbGciOiJIUzI1NiIsInR5cCI6IkpXVCJ9.eyJ1c2VyX2lkIjoxLCJ1c2VybmFtZSI6ImFkbWluIiwiaXNfc3VwZXJ1c2VyIjp0cnVlLCJleHAiOjE3MzU0ODk3MjB9.OlHyuXUvVfADEXbxKoSq0MT0Drg2crg-Hq5DYUFavyQ","username":"admin"}}
2024-12-29 21:40:40,692 - my_logger - INFO - 加载 C:\Users\98680\Desktop\项目代码\Interface_automation\data\yaml\api_config_fast.yml 文件......
2024-12-29 21:40:40,694 - my_logger - INFO - 读到数据 ==>>  {'host': 'http://localhost:9999', 'login': {'name': '【登陆】用户名登陆', 'method': 'Post', 'url': '/api/v1/base/access_token', 'headers': {'accept': 'application/json', 'Content-Type': 'application/json'}, 'data': {'password': '123456', 'username': 'admin'}}, 'get_user_info': {'name': '【获取用户信息】', 'method': 'Get', 'url': '/api/v1/base/userinfo', 'headers': {'accept': 'application/json'}}, 'create_user': {'name': '【创建用户】', 'method': 'Post', 'url': '/api/v1/user/create', 'headers': {'accept': 'application/json', 'Content-Type': 'application/json'}, 'data': {'email': '7878@qq.com', 'username': '666', 'password': '123456', 'is_active': 'true', 'is_superuser': 'false', 'role_ids': [], 'dept_id': 0}}} 
2024-12-29 21:40:40,694 - my_logger - INFO - 接口请求地址 ==>> http://localhost:9999/api/v1/base/userinfo
2024-12-29 21:40:40,694 - my_logger - INFO - 接口请求方式 ==>> GET
2024-12-29 21:40:40,694 - my_logger - INFO - 接口请求头 ==>> {
    "accept": "application/json",
    "token": "eyJhbGciOiJIUzI1NiIsInR5cCI6IkpXVCJ9.eyJ1c2VyX2lkIjoxLCJ1c2VybmFtZSI6ImFkbWluIiwiaXNfc3VwZXJ1c2VyIjp0cnVlLCJleHAiOjE3MzU0ODk3MjB9.OlHyuXUvVfADEXbxKoSq0MT0Drg2crg-Hq5DYUFavyQ"
}
2024-12-29 21:40:40,694 - my_logger - INFO - 接口请求 params 参数 ==>> null
2024-12-29 21:40:40,694 - my_logger - INFO - 接口请求体 data 参数 ==>> null
2024-12-29 21:40:40,694 - my_logger - INFO - 接口请求体 json 参数 ==>> null
2024-12-29 21:40:40,694 - my_logger - INFO - 接口上传附件 files 参数 ==>> None
2024-12-29 21:40:40,695 - my_logger - INFO - 接口 cookies 参数 ==>> null
2024-12-29 21:40:40,707 - my_logger - INFO - 查看单个用户 ==>> 返回结果 ==>> {"code":200,"msg":"OK","data":{"is_superuser":true,"is_active":true,"alias":null,"id":1,"username":"admin","email":"admin@admin.com","dept_id":0,"last_login":"2024-12-29 21:40:40","created_at":"2024-08-29 15:00:55","phone":null,"updated_at":"2024-12-29 21:40:40","avatar":"https://avatars.githubusercontent.com/u/105137585?s=400&u=520fe343af10e1c4a2024c391eec1beed985c341&v=4"}}
