2024-12-24 16:50:30,497 - my_logger - INFO - 加载 C:\Users\98680\Desktop\项目代码\Interface_automation\data\yaml\api_config_fast.yml 文件......
2024-12-24 16:50:30,500 - my_logger - INFO - 读到数据 ==>>  {'host': 'http://localhost:9999', 'login': {'name': '【登陆】用户名登陆', 'method': 'Post', 'url': '/api/v1/base/access_token', 'headers': {'accept': 'application/json', 'Content-Type': 'application/json'}, 'data': {'password': '123456', 'username': 'admin'}}, 'get_user_info': {'name': '【获取用户信息】', 'method': 'Get', 'url': '/api/v1/base/userinfo', 'headers': {'accept': 'application/json'}}, 'create_user': {'name': '【创建用户】', 'method': 'Post', 'url': '/api/v1/user/create', 'headers': {'accept': 'application/json', 'Content-Type': 'application/json'}, 'data': {'email': '7878@qq.com', 'username': '666', 'password': '123456', 'is_active': 'true', 'is_superuser': 'false', 'role_ids': [], 'dept_id': 0}}} 
2024-12-24 16:50:30,502 - my_logger - INFO - 加载 C:\Users\98680\Desktop\项目代码\Interface_automation\data\yaml\api_test_data.yml 文件......
2024-12-24 16:50:30,505 - my_logger - INFO - 读到数据 ==>>  {'test_admin': [['admin', '123456']], 'test_login_user': [['admin', '123456', True, 200, 'OK'], ['admin', '1234567', False, 400, '密码错误!'], ['测试test', '123456', False, 400, '无效的用户名'], ['测试test', '1234567', False, 400, '无效的用户名']], 'test_register_user': [['987@qq.coom', 'user5', '123456', True, False, [], 0, True, 200, 'Created Successfully'], ['1234@qq.coom', 'user5', '123456', True, False, [], 0, True, 400, 'The user with this email already exists in the system.'], ['9876@qq.coom', 'user1', '123456', True, False, [], 0, True, 500, 'IntegrityError，UNIQUE constraint failed: user.username']]} 
2024-12-24 16:50:30,538 - my_logger - INFO - 加载 C:\Users\98680\Desktop\项目代码\Interface_automation\data\yaml\api_config_fast.yml 文件......
2024-12-24 16:50:30,541 - my_logger - INFO - 读到数据 ==>>  {'host': 'http://localhost:9999', 'login': {'name': '【登陆】用户名登陆', 'method': 'Post', 'url': '/api/v1/base/access_token', 'headers': {'accept': 'application/json', 'Content-Type': 'application/json'}, 'data': {'password': '123456', 'username': 'admin'}}, 'get_user_info': {'name': '【获取用户信息】', 'method': 'Get', 'url': '/api/v1/base/userinfo', 'headers': {'accept': 'application/json'}}, 'create_user': {'name': '【创建用户】', 'method': 'Post', 'url': '/api/v1/user/create', 'headers': {'accept': 'application/json', 'Content-Type': 'application/json'}, 'data': {'email': '7878@qq.com', 'username': '666', 'password': '123456', 'is_active': 'true', 'is_superuser': 'false', 'role_ids': [], 'dept_id': 0}}} 
2024-12-24 16:50:30,541 - my_logger - INFO - 接口请求地址 ==>> http://localhost:9999/api/v1/base/access_token
2024-12-24 16:50:30,541 - my_logger - INFO - 接口请求方式 ==>> POST
2024-12-24 16:50:30,541 - my_logger - INFO - 接口请求头 ==>> {
    "accept": "application/json",
    "Content-Type": "application/json"
}
2024-12-24 16:50:30,541 - my_logger - INFO - 接口请求 params 参数 ==>> null
2024-12-24 16:50:30,541 - my_logger - INFO - 接口请求体 data 参数 ==>> null
2024-12-24 16:50:30,541 - my_logger - INFO - 接口请求体 json 参数 ==>> {
    "username": "admin",
    "password": "123456"
}
2024-12-24 16:50:30,541 - my_logger - INFO - 接口上传附件 files 参数 ==>> None
2024-12-24 16:50:30,541 - my_logger - INFO - 接口 cookies 参数 ==>> null
2024-12-24 16:50:32,644 - my_logger - INFO - 登录用户 ==>> 返回结果 ==>> {"code":200,"msg":"OK","data":{"access_token":"eyJhbGciOiJIUzI1NiIsInR5cCI6IkpXVCJ9.eyJ1c2VyX2lkIjoxLCJ1c2VybmFtZSI6ImFkbWluIiwiaXNfc3VwZXJ1c2VyIjp0cnVlLCJleHAiOjE3MzUwNDAzMTJ9.jwkcde1d4OX9mMaTptktjpN8X9dW17vNI_bFBACLtLk","username":"admin"}}
2024-12-24 16:50:32,652 - my_logger - INFO - *************** 开始执行用例 ***************
2024-12-24 16:50:32,652 - my_logger - INFO - 加载 C:\Users\98680\Desktop\项目代码\Interface_automation\data\yaml\api_config_fast.yml 文件......
2024-12-24 16:50:32,654 - my_logger - INFO - 读到数据 ==>>  {'host': 'http://localhost:9999', 'login': {'name': '【登陆】用户名登陆', 'method': 'Post', 'url': '/api/v1/base/access_token', 'headers': {'accept': 'application/json', 'Content-Type': 'application/json'}, 'data': {'password': '123456', 'username': 'admin'}}, 'get_user_info': {'name': '【获取用户信息】', 'method': 'Get', 'url': '/api/v1/base/userinfo', 'headers': {'accept': 'application/json'}}, 'create_user': {'name': '【创建用户】', 'method': 'Post', 'url': '/api/v1/user/create', 'headers': {'accept': 'application/json', 'Content-Type': 'application/json'}, 'data': {'email': '7878@qq.com', 'username': '666', 'password': '123456', 'is_active': 'true', 'is_superuser': 'false', 'role_ids': [], 'dept_id': 0}}} 
2024-12-24 16:50:32,654 - my_logger - INFO - 接口请求地址 ==>> http://localhost:9999/api/v1/base/access_token
2024-12-24 16:50:32,654 - my_logger - INFO - 接口请求方式 ==>> POST
2024-12-24 16:50:32,654 - my_logger - INFO - 接口请求头 ==>> {
    "accept": "application/json",
    "Content-Type": "application/json"
}
2024-12-24 16:50:32,654 - my_logger - INFO - 接口请求 params 参数 ==>> null
2024-12-24 16:50:32,654 - my_logger - INFO - 接口请求体 data 参数 ==>> null
2024-12-24 16:50:32,654 - my_logger - INFO - 接口请求体 json 参数 ==>> {
    "username": "admin",
    "password": "123456"
}
2024-12-24 16:50:32,654 - my_logger - INFO - 接口上传附件 files 参数 ==>> None
2024-12-24 16:50:32,655 - my_logger - INFO - 接口 cookies 参数 ==>> null
2024-12-24 16:50:32,718 - my_logger - INFO - 登录用户 ==>> 返回结果 ==>> {"code":200,"msg":"OK","data":{"access_token":"eyJhbGciOiJIUzI1NiIsInR5cCI6IkpXVCJ9.eyJ1c2VyX2lkIjoxLCJ1c2VybmFtZSI6ImFkbWluIiwiaXNfc3VwZXJ1c2VyIjp0cnVlLCJleHAiOjE3MzUwNDAzMTJ9.jwkcde1d4OX9mMaTptktjpN8X9dW17vNI_bFBACLtLk","username":"admin"}}
2024-12-24 16:50:32,719 - my_logger - INFO - 加载 C:\Users\98680\Desktop\项目代码\Interface_automation\data\yaml\api_config_fast.yml 文件......
2024-12-24 16:50:32,721 - my_logger - INFO - 读到数据 ==>>  {'host': 'http://localhost:9999', 'login': {'name': '【登陆】用户名登陆', 'method': 'Post', 'url': '/api/v1/base/access_token', 'headers': {'accept': 'application/json', 'Content-Type': 'application/json'}, 'data': {'password': '123456', 'username': 'admin'}}, 'get_user_info': {'name': '【获取用户信息】', 'method': 'Get', 'url': '/api/v1/base/userinfo', 'headers': {'accept': 'application/json'}}, 'create_user': {'name': '【创建用户】', 'method': 'Post', 'url': '/api/v1/user/create', 'headers': {'accept': 'application/json', 'Content-Type': 'application/json'}, 'data': {'email': '7878@qq.com', 'username': '666', 'password': '123456', 'is_active': 'true', 'is_superuser': 'false', 'role_ids': [], 'dept_id': 0}}} 
2024-12-24 16:50:32,722 - my_logger - INFO - 接口请求地址 ==>> http://localhost:9999/api/v1/user/create
2024-12-24 16:50:32,722 - my_logger - INFO - 接口请求方式 ==>> POST
2024-12-24 16:50:32,722 - my_logger - INFO - 接口请求头 ==>> {
    "accept": "application/json",
    "Content-Type": "application/json",
    "token": "eyJhbGciOiJIUzI1NiIsInR5cCI6IkpXVCJ9.eyJ1c2VyX2lkIjoxLCJ1c2VybmFtZSI6ImFkbWluIiwiaXNfc3VwZXJ1c2VyIjp0cnVlLCJleHAiOjE3MzUwNDAzMTJ9.jwkcde1d4OX9mMaTptktjpN8X9dW17vNI_bFBACLtLk"
}
2024-12-24 16:50:32,722 - my_logger - INFO - 接口请求 params 参数 ==>> null
2024-12-24 16:50:32,722 - my_logger - INFO - 接口请求体 data 参数 ==>> null
2024-12-24 16:50:32,722 - my_logger - INFO - 接口请求体 json 参数 ==>> {
    "email": "987@qq.coom",
    "username": "user5",
    "password": "123456",
    "is_active": true,
    "is_superuser": false,
    "role_ids": [],
    "dept_id": 0
}
2024-12-24 16:50:32,722 - my_logger - INFO - 接口上传附件 files 参数 ==>> None
2024-12-24 16:50:32,722 - my_logger - INFO - 接口 cookies 参数 ==>> null
2024-12-24 16:50:32,791 - my_logger - INFO - 注册用户 ==>> 返回结果 ==>> {"code":200,"msg":"Created Successfully","data":null}
2024-12-24 16:50:32,791 - my_logger - INFO - 步骤1 ==>> 注册用户 ==>> user5, 123456, 987@qq.coom
2024-12-24 16:50:32,791 - my_logger - INFO - code ==>> 期望结果：200， 实际结果：【 200 】
2024-12-24 16:50:32,791 - my_logger - INFO - *************** 结束执行用例 ***************
2024-12-24 16:50:32,798 - my_logger - INFO - *************** 开始执行用例 ***************
2024-12-24 16:50:32,799 - my_logger - INFO - 加载 C:\Users\98680\Desktop\项目代码\Interface_automation\data\yaml\api_config_fast.yml 文件......
2024-12-24 16:50:32,801 - my_logger - INFO - 读到数据 ==>>  {'host': 'http://localhost:9999', 'login': {'name': '【登陆】用户名登陆', 'method': 'Post', 'url': '/api/v1/base/access_token', 'headers': {'accept': 'application/json', 'Content-Type': 'application/json'}, 'data': {'password': '123456', 'username': 'admin'}}, 'get_user_info': {'name': '【获取用户信息】', 'method': 'Get', 'url': '/api/v1/base/userinfo', 'headers': {'accept': 'application/json'}}, 'create_user': {'name': '【创建用户】', 'method': 'Post', 'url': '/api/v1/user/create', 'headers': {'accept': 'application/json', 'Content-Type': 'application/json'}, 'data': {'email': '7878@qq.com', 'username': '666', 'password': '123456', 'is_active': 'true', 'is_superuser': 'false', 'role_ids': [], 'dept_id': 0}}} 
2024-12-24 16:50:32,801 - my_logger - INFO - 接口请求地址 ==>> http://localhost:9999/api/v1/base/access_token
2024-12-24 16:50:32,801 - my_logger - INFO - 接口请求方式 ==>> POST
2024-12-24 16:50:32,801 - my_logger - INFO - 接口请求头 ==>> {
    "accept": "application/json",
    "Content-Type": "application/json"
}
2024-12-24 16:50:32,801 - my_logger - INFO - 接口请求 params 参数 ==>> null
2024-12-24 16:50:32,801 - my_logger - INFO - 接口请求体 data 参数 ==>> null
2024-12-24 16:50:32,801 - my_logger - INFO - 接口请求体 json 参数 ==>> {
    "username": "admin",
    "password": "123456"
}
2024-12-24 16:50:32,802 - my_logger - INFO - 接口上传附件 files 参数 ==>> None
2024-12-24 16:50:32,802 - my_logger - INFO - 接口 cookies 参数 ==>> null
2024-12-24 16:50:32,865 - my_logger - INFO - 登录用户 ==>> 返回结果 ==>> {"code":200,"msg":"OK","data":{"access_token":"eyJhbGciOiJIUzI1NiIsInR5cCI6IkpXVCJ9.eyJ1c2VyX2lkIjoxLCJ1c2VybmFtZSI6ImFkbWluIiwiaXNfc3VwZXJ1c2VyIjp0cnVlLCJleHAiOjE3MzUwNDAzMTJ9.jwkcde1d4OX9mMaTptktjpN8X9dW17vNI_bFBACLtLk","username":"admin"}}
2024-12-24 16:50:32,865 - my_logger - INFO - 加载 C:\Users\98680\Desktop\项目代码\Interface_automation\data\yaml\api_config_fast.yml 文件......
2024-12-24 16:50:32,867 - my_logger - INFO - 读到数据 ==>>  {'host': 'http://localhost:9999', 'login': {'name': '【登陆】用户名登陆', 'method': 'Post', 'url': '/api/v1/base/access_token', 'headers': {'accept': 'application/json', 'Content-Type': 'application/json'}, 'data': {'password': '123456', 'username': 'admin'}}, 'get_user_info': {'name': '【获取用户信息】', 'method': 'Get', 'url': '/api/v1/base/userinfo', 'headers': {'accept': 'application/json'}}, 'create_user': {'name': '【创建用户】', 'method': 'Post', 'url': '/api/v1/user/create', 'headers': {'accept': 'application/json', 'Content-Type': 'application/json'}, 'data': {'email': '7878@qq.com', 'username': '666', 'password': '123456', 'is_active': 'true', 'is_superuser': 'false', 'role_ids': [], 'dept_id': 0}}} 
2024-12-24 16:50:32,867 - my_logger - INFO - 接口请求地址 ==>> http://localhost:9999/api/v1/user/create
2024-12-24 16:50:32,867 - my_logger - INFO - 接口请求方式 ==>> POST
2024-12-24 16:50:32,867 - my_logger - INFO - 接口请求头 ==>> {
    "accept": "application/json",
    "Content-Type": "application/json",
    "token": "eyJhbGciOiJIUzI1NiIsInR5cCI6IkpXVCJ9.eyJ1c2VyX2lkIjoxLCJ1c2VybmFtZSI6ImFkbWluIiwiaXNfc3VwZXJ1c2VyIjp0cnVlLCJleHAiOjE3MzUwNDAzMTJ9.jwkcde1d4OX9mMaTptktjpN8X9dW17vNI_bFBACLtLk"
}
2024-12-24 16:50:32,867 - my_logger - INFO - 接口请求 params 参数 ==>> null
2024-12-24 16:50:32,867 - my_logger - INFO - 接口请求体 data 参数 ==>> null
2024-12-24 16:50:32,868 - my_logger - INFO - 接口请求体 json 参数 ==>> {
    "email": "1234@qq.coom",
    "username": "user5",
    "password": "123456",
    "is_active": true,
    "is_superuser": false,
    "role_ids": [],
    "dept_id": 0
}
2024-12-24 16:50:32,868 - my_logger - INFO - 接口上传附件 files 参数 ==>> None
2024-12-24 16:50:32,868 - my_logger - INFO - 接口 cookies 参数 ==>> null
2024-12-24 16:50:32,948 - my_logger - INFO - 注册用户 ==>> 返回结果 ==>> {"code":500,"msg":"IntegrityError，UNIQUE constraint failed: user.username"}
2024-12-24 16:50:32,948 - my_logger - INFO - 步骤1 ==>> 注册用户 ==>> user5, 123456, 1234@qq.coom
2024-12-24 16:50:33,227 - my_logger - INFO - *************** 开始执行用例 ***************
2024-12-24 16:50:33,227 - my_logger - INFO - 加载 C:\Users\98680\Desktop\项目代码\Interface_automation\data\yaml\api_config_fast.yml 文件......
2024-12-24 16:50:33,229 - my_logger - INFO - 读到数据 ==>>  {'host': 'http://localhost:9999', 'login': {'name': '【登陆】用户名登陆', 'method': 'Post', 'url': '/api/v1/base/access_token', 'headers': {'accept': 'application/json', 'Content-Type': 'application/json'}, 'data': {'password': '123456', 'username': 'admin'}}, 'get_user_info': {'name': '【获取用户信息】', 'method': 'Get', 'url': '/api/v1/base/userinfo', 'headers': {'accept': 'application/json'}}, 'create_user': {'name': '【创建用户】', 'method': 'Post', 'url': '/api/v1/user/create', 'headers': {'accept': 'application/json', 'Content-Type': 'application/json'}, 'data': {'email': '7878@qq.com', 'username': '666', 'password': '123456', 'is_active': 'true', 'is_superuser': 'false', 'role_ids': [], 'dept_id': 0}}} 
2024-12-24 16:50:33,229 - my_logger - INFO - 接口请求地址 ==>> http://localhost:9999/api/v1/base/access_token
2024-12-24 16:50:33,229 - my_logger - INFO - 接口请求方式 ==>> POST
2024-12-24 16:50:33,229 - my_logger - INFO - 接口请求头 ==>> {
    "accept": "application/json",
    "Content-Type": "application/json"
}
2024-12-24 16:50:33,229 - my_logger - INFO - 接口请求 params 参数 ==>> null
2024-12-24 16:50:33,229 - my_logger - INFO - 接口请求体 data 参数 ==>> null
2024-12-24 16:50:33,230 - my_logger - INFO - 接口请求体 json 参数 ==>> {
    "username": "admin",
    "password": "123456"
}
2024-12-24 16:50:33,230 - my_logger - INFO - 接口上传附件 files 参数 ==>> None
2024-12-24 16:50:33,230 - my_logger - INFO - 接口 cookies 参数 ==>> null
2024-12-24 16:50:33,295 - my_logger - INFO - 登录用户 ==>> 返回结果 ==>> {"code":200,"msg":"OK","data":{"access_token":"eyJhbGciOiJIUzI1NiIsInR5cCI6IkpXVCJ9.eyJ1c2VyX2lkIjoxLCJ1c2VybmFtZSI6ImFkbWluIiwiaXNfc3VwZXJ1c2VyIjp0cnVlLCJleHAiOjE3MzUwNDAzMTN9.xrRZ53Y1NnmShUPcZ8psynh-saCushSoI0otUIGoXkI","username":"admin"}}
2024-12-24 16:50:33,295 - my_logger - INFO - 加载 C:\Users\98680\Desktop\项目代码\Interface_automation\data\yaml\api_config_fast.yml 文件......
2024-12-24 16:50:33,297 - my_logger - INFO - 读到数据 ==>>  {'host': 'http://localhost:9999', 'login': {'name': '【登陆】用户名登陆', 'method': 'Post', 'url': '/api/v1/base/access_token', 'headers': {'accept': 'application/json', 'Content-Type': 'application/json'}, 'data': {'password': '123456', 'username': 'admin'}}, 'get_user_info': {'name': '【获取用户信息】', 'method': 'Get', 'url': '/api/v1/base/userinfo', 'headers': {'accept': 'application/json'}}, 'create_user': {'name': '【创建用户】', 'method': 'Post', 'url': '/api/v1/user/create', 'headers': {'accept': 'application/json', 'Content-Type': 'application/json'}, 'data': {'email': '7878@qq.com', 'username': '666', 'password': '123456', 'is_active': 'true', 'is_superuser': 'false', 'role_ids': [], 'dept_id': 0}}} 
2024-12-24 16:50:33,297 - my_logger - INFO - 接口请求地址 ==>> http://localhost:9999/api/v1/user/create
2024-12-24 16:50:33,297 - my_logger - INFO - 接口请求方式 ==>> POST
2024-12-24 16:50:33,297 - my_logger - INFO - 接口请求头 ==>> {
    "accept": "application/json",
    "Content-Type": "application/json",
    "token": "eyJhbGciOiJIUzI1NiIsInR5cCI6IkpXVCJ9.eyJ1c2VyX2lkIjoxLCJ1c2VybmFtZSI6ImFkbWluIiwiaXNfc3VwZXJ1c2VyIjp0cnVlLCJleHAiOjE3MzUwNDAzMTN9.xrRZ53Y1NnmShUPcZ8psynh-saCushSoI0otUIGoXkI"
}
2024-12-24 16:50:33,298 - my_logger - INFO - 接口请求 params 参数 ==>> null
2024-12-24 16:50:33,298 - my_logger - INFO - 接口请求体 data 参数 ==>> null
2024-12-24 16:50:33,298 - my_logger - INFO - 接口请求体 json 参数 ==>> {
    "email": "9876@qq.coom",
    "username": "user1",
    "password": "123456",
    "is_active": true,
    "is_superuser": false,
    "role_ids": [],
    "dept_id": 0
}
2024-12-24 16:50:33,298 - my_logger - INFO - 接口上传附件 files 参数 ==>> None
2024-12-24 16:50:33,298 - my_logger - INFO - 接口 cookies 参数 ==>> null
2024-12-24 16:50:33,366 - my_logger - INFO - 注册用户 ==>> 返回结果 ==>> {"code":500,"msg":"IntegrityError，UNIQUE constraint failed: user.username"}
2024-12-24 16:50:33,366 - my_logger - INFO - 步骤1 ==>> 注册用户 ==>> user1, 123456, 9876@qq.coom
