2024-12-02 16:08:18,808 - my_logger - INFO - 加载 C:\Users\98680\Desktop\项目代码\Interface_automation\data\yaml\api_config_fast.yml 文件......
2024-12-02 16:08:18,814 - my_logger - INFO - 读到数据 ==>>  {'host': 'http://localhost:9999', 'login': {'name': '【登陆】用户名登陆', 'method': 'Post', 'url': '/api/v1/base/access_token', 'headers': {'accept': 'application/json', 'Content-Type': 'application/json'}, 'data': {'password': '123456', 'username': 'admin'}}, 'get_user_info': {'name': '【获取用户信息】', 'method': 'Get', 'url': '/api/v1/base/user_info', 'headers': {'accept': 'application/json'}}} 
2024-12-02 16:08:18,814 - my_logger - INFO - 加载 C:\Users\98680\Desktop\项目代码\Interface_automation\data\yaml\api_config_fast.yml 文件......
2024-12-02 16:08:18,815 - my_logger - INFO - 读到数据 ==>>  {'host': 'http://localhost:9999', 'login': {'name': '【登陆】用户名登陆', 'method': 'Post', 'url': '/api/v1/base/access_token', 'headers': {'accept': 'application/json', 'Content-Type': 'application/json'}, 'data': {'password': '123456', 'username': 'admin'}}, 'get_user_info': {'name': '【获取用户信息】', 'method': 'Get', 'url': '/api/v1/base/user_info', 'headers': {'accept': 'application/json'}}} 
2024-12-02 16:08:18,816 - my_logger - INFO - 接口请求地址 ==>> http://localhost:9999/api/v1/base/access_token
2024-12-02 16:08:18,816 - my_logger - INFO - 接口请求方式 ==>> POST
2024-12-02 16:08:18,816 - my_logger - INFO - 接口请求头 ==>> {
    "accept": "application/json",
    "Content-Type": "application/json"
}
2024-12-02 16:08:18,816 - my_logger - INFO - 接口请求 params 参数 ==>> null
2024-12-02 16:08:18,816 - my_logger - INFO - 接口请求体 data 参数 ==>> null
2024-12-02 16:08:18,816 - my_logger - INFO - 接口请求体 json 参数 ==>> {
    "username": "admin",
    "password": "123456"
}
2024-12-02 16:08:18,816 - my_logger - INFO - 接口上传附件 files 参数 ==>> None
2024-12-02 16:08:18,816 - my_logger - INFO - 接口 cookies 参数 ==>> null
2024-12-02 16:08:20,913 - my_logger - INFO - 登录用户 ==>> 返回结果 ==>> {"code":200,"msg":"OK","data":{"access_token":"eyJhbGciOiJIUzI1NiIsInR5cCI6IkpXVCJ9.eyJ1c2VyX2lkIjoxLCJ1c2VybmFtZSI6ImFkbWluIiwiaXNfc3VwZXJ1c2VyIjp0cnVlLCJleHAiOjE3MzMxMzY5ODB9.jTbSdIA1WK17RYz8buV7iHJgHTPrxS85khlsH4AFO70","username":"admin"}}
2024-12-02 16:08:20,913 - my_logger - INFO - 加载 C:\Users\98680\Desktop\项目代码\Interface_automation\data\yaml\api_config_fast.yml 文件......
2024-12-02 16:08:20,915 - my_logger - INFO - 读到数据 ==>>  {'host': 'http://localhost:9999', 'login': {'name': '【登陆】用户名登陆', 'method': 'Post', 'url': '/api/v1/base/access_token', 'headers': {'accept': 'application/json', 'Content-Type': 'application/json'}, 'data': {'password': '123456', 'username': 'admin'}}, 'get_user_info': {'name': '【获取用户信息】', 'method': 'Get', 'url': '/api/v1/base/user_info', 'headers': {'accept': 'application/json'}}} 
2024-12-02 16:08:20,915 - my_logger - INFO - 接口请求地址 ==>> http://localhost:9999/api/v1/base/user_info
2024-12-02 16:08:20,915 - my_logger - INFO - 接口请求方式 ==>> GET
2024-12-02 16:08:20,915 - my_logger - INFO - 接口请求头 ==>> {
    "accept": "application/json",
    "token ": "eyJhbGciOiJIUzI1NiIsInR5cCI6IkpXVCJ9.eyJ1c2VyX2lkIjoxLCJ1c2VybmFtZSI6ImFkbWluIiwiaXNfc3VwZXJ1c2VyIjp0cnVlLCJleHAiOjE3MzMxMzY5ODB9.jTbSdIA1WK17RYz8buV7iHJgHTPrxS85khlsH4AFO70"
}
2024-12-02 16:08:20,915 - my_logger - INFO - 接口请求 params 参数 ==>> null
2024-12-02 16:08:20,915 - my_logger - INFO - 接口请求体 data 参数 ==>> null
2024-12-02 16:08:20,915 - my_logger - INFO - 接口请求体 json 参数 ==>> null
2024-12-02 16:08:20,915 - my_logger - INFO - 接口上传附件 files 参数 ==>> None
2024-12-02 16:08:20,915 - my_logger - INFO - 接口 cookies 参数 ==>> null
