2024-12-29 21:53:56,798 - my_logger - INFO - 加载 C:\Users\98680\Desktop\项目代码\Interface_automation\data\yaml\api_config_fast.yml 文件......
2024-12-29 21:53:56,800 - my_logger - INFO - 读到数据 ==>>  {'host': 'http://localhost:9999', 'login': {'name': '【登陆】用户名登陆', 'method': 'Post', 'url': '/api/v1/base/access_token', 'headers': {'accept': 'application/json', 'Content-Type': 'application/json'}, 'data': {'password': '123456', 'username': 'admin'}}, 'get_user_info': {'name': '【获取用户信息】', 'method': 'Get', 'url': '/api/v1/base/userinfo', 'headers': {'accept': 'application/json'}}, 'create_user': {'name': '【创建用户】', 'method': 'Post', 'url': '/api/v1/user/create', 'headers': {'accept': 'application/json', 'Content-Type': 'application/json'}, 'data': {'email': '7878@qq.com', 'username': '666', 'password': '123456', 'is_active': 'true', 'is_superuser': 'false', 'role_ids': [], 'dept_id': 0}}} 
2024-12-29 21:53:56,802 - my_logger - INFO - 加载 C:\Users\98680\Desktop\项目代码\Interface_automation\data\yaml\api_test_data.yml 文件......
2024-12-29 21:53:56,804 - my_logger - INFO - 读到数据 ==>>  {'test_admin': [['admin', '123456']], 'test_login_user': [['admin', '123456', True, 200, 'OK'], ['admin', '1234567', False, 400, '密码错误!'], ['测试test', '123456', False, 400, '无效的用户名'], ['测试test', '1234567', False, 400, '无效的用户名']], 'test_register_user': [['987@qq.coom', 'user5', '123456', True, False, [], 0, True, 200, 'Created Successfully'], ['1234@qq.coom', 'user5', '123456', True, False, [], 0, True, 400, 'The user with this email already exists in the system.'], ['9876@qq.coom', 'user1', '123456', True, False, [], 0, True, 500, 'IntegrityError，UNIQUE constraint failed: user.username']]} 
2024-12-29 21:53:56,841 - my_logger - INFO - *************** 开始执行用例 ***************
2024-12-29 21:53:56,841 - my_logger - INFO - 加载 C:\Users\98680\Desktop\项目代码\Interface_automation\data\yaml\api_config_fast.yml 文件......
2024-12-29 21:53:56,843 - my_logger - INFO - 读到数据 ==>>  {'host': 'http://localhost:9999', 'login': {'name': '【登陆】用户名登陆', 'method': 'Post', 'url': '/api/v1/base/access_token', 'headers': {'accept': 'application/json', 'Content-Type': 'application/json'}, 'data': {'password': '123456', 'username': 'admin'}}, 'get_user_info': {'name': '【获取用户信息】', 'method': 'Get', 'url': '/api/v1/base/userinfo', 'headers': {'accept': 'application/json'}}, 'create_user': {'name': '【创建用户】', 'method': 'Post', 'url': '/api/v1/user/create', 'headers': {'accept': 'application/json', 'Content-Type': 'application/json'}, 'data': {'email': '7878@qq.com', 'username': '666', 'password': '123456', 'is_active': 'true', 'is_superuser': 'false', 'role_ids': [], 'dept_id': 0}}} 
2024-12-29 21:53:56,844 - my_logger - INFO - 接口请求地址 ==>> http://localhost:9999/api/v1/base/access_token
2024-12-29 21:53:56,844 - my_logger - INFO - 接口请求方式 ==>> POST
2024-12-29 21:53:56,844 - my_logger - INFO - 接口请求头 ==>> {
    "accept": "application/json",
    "Content-Type": "application/json"
}
2024-12-29 21:53:56,844 - my_logger - INFO - 接口请求 params 参数 ==>> null
2024-12-29 21:53:56,844 - my_logger - INFO - 接口请求体 data 参数 ==>> null
2024-12-29 21:53:56,844 - my_logger - INFO - 接口请求体 json 参数 ==>> {
    "username": "admin",
    "password": "123456"
}
2024-12-29 21:53:56,844 - my_logger - INFO - 接口上传附件 files 参数 ==>> None
2024-12-29 21:53:56,844 - my_logger - INFO - 接口 cookies 参数 ==>> null
2024-12-29 21:53:58,956 - my_logger - INFO - 登录用户 ==>> 返回结果 ==>> {"code":200,"msg":"OK","data":{"access_token":"eyJhbGciOiJIUzI1NiIsInR5cCI6IkpXVCJ9.eyJ1c2VyX2lkIjoxLCJ1c2VybmFtZSI6ImFkbWluIiwiaXNfc3VwZXJ1c2VyIjp0cnVlLCJleHAiOjE3MzU0OTA1MTh9.scPwxeaK9OIXNJ0lQh9EcAooA5K7pYsITCQTeUIpzJ8","username":"admin"}}
2024-12-29 21:53:58,956 - my_logger - INFO - 步骤1 ==>> 登录用户：admin
2024-12-29 21:53:58,956 - my_logger - INFO - code ==>> 期望结果：200， 实际结果：【 200 】
2024-12-29 21:53:58,956 - my_logger - INFO - *************** 结束执行用例 ***************
2024-12-29 21:53:58,959 - my_logger - INFO - *************** 开始执行用例 ***************
2024-12-29 21:53:58,959 - my_logger - INFO - 加载 C:\Users\98680\Desktop\项目代码\Interface_automation\data\yaml\api_config_fast.yml 文件......
2024-12-29 21:53:58,961 - my_logger - INFO - 读到数据 ==>>  {'host': 'http://localhost:9999', 'login': {'name': '【登陆】用户名登陆', 'method': 'Post', 'url': '/api/v1/base/access_token', 'headers': {'accept': 'application/json', 'Content-Type': 'application/json'}, 'data': {'password': '123456', 'username': 'admin'}}, 'get_user_info': {'name': '【获取用户信息】', 'method': 'Get', 'url': '/api/v1/base/userinfo', 'headers': {'accept': 'application/json'}}, 'create_user': {'name': '【创建用户】', 'method': 'Post', 'url': '/api/v1/user/create', 'headers': {'accept': 'application/json', 'Content-Type': 'application/json'}, 'data': {'email': '7878@qq.com', 'username': '666', 'password': '123456', 'is_active': 'true', 'is_superuser': 'false', 'role_ids': [], 'dept_id': 0}}} 
2024-12-29 21:53:58,961 - my_logger - INFO - 接口请求地址 ==>> http://localhost:9999/api/v1/base/access_token
2024-12-29 21:53:58,961 - my_logger - INFO - 接口请求方式 ==>> POST
2024-12-29 21:53:58,961 - my_logger - INFO - 接口请求头 ==>> {
    "accept": "application/json",
    "Content-Type": "application/json"
}
2024-12-29 21:53:58,961 - my_logger - INFO - 接口请求 params 参数 ==>> null
2024-12-29 21:53:58,961 - my_logger - INFO - 接口请求体 data 参数 ==>> null
2024-12-29 21:53:58,961 - my_logger - INFO - 接口请求体 json 参数 ==>> {
    "username": "admin",
    "password": "1234567"
}
2024-12-29 21:53:58,962 - my_logger - INFO - 接口上传附件 files 参数 ==>> None
2024-12-29 21:53:58,962 - my_logger - INFO - 接口 cookies 参数 ==>> null
2024-12-29 21:53:59,022 - my_logger - INFO - 登录用户 ==>> 返回结果 ==>> {"code":400,"msg":"密码错误!","data":null}
2024-12-29 21:53:59,022 - my_logger - INFO - 步骤1 ==>> 登录用户：admin
2024-12-29 21:53:59,022 - my_logger - INFO - code ==>> 期望结果：400， 实际结果：【 400 】
2024-12-29 21:53:59,022 - my_logger - INFO - *************** 结束执行用例 ***************
2024-12-29 21:53:59,025 - my_logger - INFO - *************** 开始执行用例 ***************
2024-12-29 21:53:59,025 - my_logger - INFO - 加载 C:\Users\98680\Desktop\项目代码\Interface_automation\data\yaml\api_config_fast.yml 文件......
2024-12-29 21:53:59,027 - my_logger - INFO - 读到数据 ==>>  {'host': 'http://localhost:9999', 'login': {'name': '【登陆】用户名登陆', 'method': 'Post', 'url': '/api/v1/base/access_token', 'headers': {'accept': 'application/json', 'Content-Type': 'application/json'}, 'data': {'password': '123456', 'username': 'admin'}}, 'get_user_info': {'name': '【获取用户信息】', 'method': 'Get', 'url': '/api/v1/base/userinfo', 'headers': {'accept': 'application/json'}}, 'create_user': {'name': '【创建用户】', 'method': 'Post', 'url': '/api/v1/user/create', 'headers': {'accept': 'application/json', 'Content-Type': 'application/json'}, 'data': {'email': '7878@qq.com', 'username': '666', 'password': '123456', 'is_active': 'true', 'is_superuser': 'false', 'role_ids': [], 'dept_id': 0}}} 
2024-12-29 21:53:59,027 - my_logger - INFO - 接口请求地址 ==>> http://localhost:9999/api/v1/base/access_token
2024-12-29 21:53:59,027 - my_logger - INFO - 接口请求方式 ==>> POST
2024-12-29 21:53:59,027 - my_logger - INFO - 接口请求头 ==>> {
    "accept": "application/json",
    "Content-Type": "application/json"
}
2024-12-29 21:53:59,027 - my_logger - INFO - 接口请求 params 参数 ==>> null
2024-12-29 21:53:59,027 - my_logger - INFO - 接口请求体 data 参数 ==>> null
2024-12-29 21:53:59,028 - my_logger - INFO - 接口请求体 json 参数 ==>> {
    "username": "测试test",
    "password": "123456"
}
2024-12-29 21:53:59,028 - my_logger - INFO - 接口上传附件 files 参数 ==>> None
2024-12-29 21:53:59,028 - my_logger - INFO - 接口 cookies 参数 ==>> null
2024-12-29 21:53:59,033 - my_logger - INFO - 登录用户 ==>> 返回结果 ==>> {"code":400,"msg":"无效的用户名","data":null}
2024-12-29 21:53:59,033 - my_logger - INFO - 步骤1 ==>> 登录用户：测试test
2024-12-29 21:53:59,033 - my_logger - INFO - code ==>> 期望结果：400， 实际结果：【 400 】
2024-12-29 21:53:59,033 - my_logger - INFO - *************** 结束执行用例 ***************
2024-12-29 21:53:59,036 - my_logger - INFO - *************** 开始执行用例 ***************
2024-12-29 21:53:59,036 - my_logger - INFO - 加载 C:\Users\98680\Desktop\项目代码\Interface_automation\data\yaml\api_config_fast.yml 文件......
2024-12-29 21:53:59,038 - my_logger - INFO - 读到数据 ==>>  {'host': 'http://localhost:9999', 'login': {'name': '【登陆】用户名登陆', 'method': 'Post', 'url': '/api/v1/base/access_token', 'headers': {'accept': 'application/json', 'Content-Type': 'application/json'}, 'data': {'password': '123456', 'username': 'admin'}}, 'get_user_info': {'name': '【获取用户信息】', 'method': 'Get', 'url': '/api/v1/base/userinfo', 'headers': {'accept': 'application/json'}}, 'create_user': {'name': '【创建用户】', 'method': 'Post', 'url': '/api/v1/user/create', 'headers': {'accept': 'application/json', 'Content-Type': 'application/json'}, 'data': {'email': '7878@qq.com', 'username': '666', 'password': '123456', 'is_active': 'true', 'is_superuser': 'false', 'role_ids': [], 'dept_id': 0}}} 
2024-12-29 21:53:59,038 - my_logger - INFO - 接口请求地址 ==>> http://localhost:9999/api/v1/base/access_token
2024-12-29 21:53:59,038 - my_logger - INFO - 接口请求方式 ==>> POST
2024-12-29 21:53:59,038 - my_logger - INFO - 接口请求头 ==>> {
    "accept": "application/json",
    "Content-Type": "application/json"
}
2024-12-29 21:53:59,038 - my_logger - INFO - 接口请求 params 参数 ==>> null
2024-12-29 21:53:59,038 - my_logger - INFO - 接口请求体 data 参数 ==>> null
2024-12-29 21:53:59,038 - my_logger - INFO - 接口请求体 json 参数 ==>> {
    "username": "测试test",
    "password": "1234567"
}
2024-12-29 21:53:59,039 - my_logger - INFO - 接口上传附件 files 参数 ==>> None
2024-12-29 21:53:59,039 - my_logger - INFO - 接口 cookies 参数 ==>> null
2024-12-29 21:53:59,043 - my_logger - INFO - 登录用户 ==>> 返回结果 ==>> {"code":400,"msg":"无效的用户名","data":null}
2024-12-29 21:53:59,044 - my_logger - INFO - 步骤1 ==>> 登录用户：测试test
2024-12-29 21:53:59,044 - my_logger - INFO - code ==>> 期望结果：400， 实际结果：【 400 】
2024-12-29 21:53:59,044 - my_logger - INFO - *************** 结束执行用例 ***************
